<?xml version="1.0" encoding="UTF-8"?>
<testng-results ignored="0" total="1" passed="1" failed="0" skipped="0">
  <reporter-output>
  </reporter-output>
  <suite started-at="2026-03-12T16:14:37 IST" name="Surefire suite" finished-at="2026-03-12T16:15:04 IST" duration-ms="26878">
    <groups>
    </groups>
    <test started-at="2026-03-12T16:14:37 IST" name="Surefire test" finished-at="2026-03-12T16:15:04 IST" duration-ms="26878">
      <class name="tests.FlipkartCheckoutTest">
        <test-method is-config="true" signature="setup()[pri:0, instance:tests.FlipkartCheckoutTest@4f25b795]" started-at="2026-03-12T16:14:37 IST" name="setup" finished-at="2026-03-12T16:14:49 IST" duration-ms="11858" status="PASS">
          <reporter-output>
          </reporter-output>
        </test-method> <!-- setup -->
        <test-method signature="flipkartCheckoutFlow()[pri:0, instance:tests.FlipkartCheckoutTest@4f25b795]" started-at="2026-03-12T16:14:49 IST" name="flipkartCheckoutFlow" finished-at="2026-03-12T16:15:04 IST" duration-ms="14790" status="PASS">
          <reporter-output>
          </reporter-output>
        </test-method> <!-- flipkartCheckoutFlow -->
        <test-method is-config="true" signature="tearDown()[pri:0, instance:tests.FlipkartCheckoutTest@4f25b795]" started-at="2026-03-12T16:15:04 IST" name="tearDown" finished-at="2026-03-12T16:15:04 IST" duration-ms="205" status="PASS">
          <reporter-output>
          </reporter-output>
        </test-method> <!-- tearDown -->
      </class> <!-- tests.FlipkartCheckoutTest -->
    </test> <!-- Surefire test -->
  </suite> <!-- Surefire suite -->
</testng-results>
